<?xml version="1.0" encoding="UTF-8"?>
<!-- Generated by org.testng.reporters.JUnitReportReporter -->
<testsuite hostname="LAP-UpasanaM" failures="0" tests="2" name="StepDefinition.TestRunner" time="13.904" errors="0" timestamp="2022-04-11T16:23:24 IST" skipped="0">
  <testcase classname="StepDefinition.TestRunner" name="runScenario" time="9.214"/>
  <system-out/>
  <testcase classname="StepDefinition.TestRunner" name="runScenario" time="4.690"/>
  <system-out/>
</testsuite> <!-- StepDefinition.TestRunner -->
